100000
405
0
0
0
0
0
0
0
0
0
0
0
0
0
0
0
0
0
0
0
0
0
0
0
0
0
0
0
0
0
0
0
0
0
0
0
0
0
0
0
0
0
0
0
0
0
0
0
0
0
0
0
0
0
0
0
0
0
0
0
0
0
0
0
0
0
0
0
0
0
0
0
0
0
0
0
0
0
0
0
0
0
2
3
2
1
2
2
9
8
11
26
59
45
73
120
155
222
309
331
414
454
613
652
734
836
877
913
907
1001
984
1069
1037
1118
1044
1060
1118
1114
1198
1222
1188
1239
1263
1363
1495
1627
1658
1857
1965
2128
2260
2206
2271
2328
2355
2455
2242
2243
2167
2117
2100
1964
1892
1810
1719
1691
1629
1476
1415
1495
1389
1269
1283
1187
1094
1028
927
902
888
845
823
769
702
652
669
593
622
561
522
504
527
436
452
434
421
413
353
359
335
325
322
267
266
245
250
215
186
174
146
128
122
100
84
82
70
69
43
51
54
34
39
30
31
30
26
29
12
11
15
19
13
16
11
11
14
8
10
6
10
7
10
4
6
4
4
3
2
2
1
4
4
1
5
5
4
2
0
2
0
1
1
1
0
1
0
2
2
2
0
0
1
3
2
2
1
2
1
0
0
0
0
1
1
0
0
0
0
0
0
0
0
0
0
0
0
0
0
0
0
0
0
1
0
0
0
0
1
0
0
0
0
1
0
0
0
0
0
0
0
0
0
0
0
0
0
0
0
0
0
0
0
0
1
0
0
0
0
0
0
1
0
1
0
0
1
0
0
0
1
0
0
0
0
0
0
0
0
0
0
0
0
0
0
0
0
0
0
0
0
0
0
1
0
0
0
0
0
0
0
0
0
0
0
0
0
0
0
0
0
0
0
0
0
0
0
0
0
0
0
0
0
0
0
0
0
0
0
0
0
0
0
0
0
0
0
0
1
0
0
0
0
0
0
0
0
0
