10000
394
0
0
0
0
0
0
0
0
0
0
0
0
0
0
0
0
0
0
0
0
0
0
0
0
0
0
0
0
0
0
0
0
0
0
0
0
0
0
0
0
0
0
0
0
0
0
0
0
0
0
0
0
0
0
0
0
0
0
0
0
0
0
0
0
0
2
3
10
26
32
30
35
44
21
6
10
0
0
0
0
0
0
0
0
0
3
2
9
28
73
170
281
405
454
365
285
142
59
26
15
0
1
1
1
1
9
23
69
155
288
414
377
382
273
169
79
20
7
4
2
0
11
45
108
219
408
512
525
457
350
210
82
42
10
5
10
39
125
275
475
719
890
846
643
394
179
79
32
28
81
209
491
963
1474
1827
1849
1527
935
532
218
89
23
8
1
0
0
1
0
0
0
0
0
0
0
0
0
0
0
0
0
0
0
0
0
0
0
0
0
0
0
0
0
0
0
0
0
0
0
0
0
0
0
0
0
0
0
0
0
0
0
0
0
0
0
0
0
0
0
0
0
0
0
0
0
0
0
0
0
0
0
0
0
0
0
0
0
0
0
0
0
0
0
0
0
0
0
0
0
0
0
0
0
0
0
0
0
0
0
0
0
0
0
0
0
0
0
0
0
0
0
0
0
0
0
0
0
0
0
0
0
0
0
0
0
0
0
0
0
0
0
0
0
0
0
0
0
0
0
0
0
0
0
0
0
0
0
0
0
0
0
0
0
0
0
0
0
0
0
0
0
0
0
0
0
0
0
0
0
0
0
0
0
0
0
0
0
0
0
0
0
0
0
0
0
0
0
0
0
0
0
0
0
0
1
0
0
0
0
3
19
68
260
892
2395
5242
8970
12730
14532
13078
9282
5677
2576
1071
344
70
23
6
0
2
0
0
0
1
0
1
0
0
0
0
0
0
0
0
0
