100000
409
0
0
0
0
0
0
0
0
0
0
0
0
0
0
0
0
0
0
0
0
0
0
0
0
0
0
0
0
0
0
0
0
0
0
0
0
0
0
0
0
0
0
0
0
0
0
0
0
0
0
0
0
0
0
0
0
0
0
0
0
0
0
0
0
0
0
0
0
0
0
0
0
0
0
0
0
0
0
0
0
6
7
3
3
6
8
5
9
8
8
10
9
7
22
30
75
94
180
300
418
593
890
1131
1429
1528
1762
1824
1978
2141
2278
2223
2238
2196
2049
1983
1835
1825
1669
1638
1596
1482
1484
1358
1248
1300
1299
1318
1348
1389
1423
1410
1419
1392
1380
1398
1343
1263
1309
1233
1250
1214
1170
1192
1136
1102
1059
1109
1026
934
899
852
904
834
789
797
737
719
674
655
588
628
635
591
529
518
509
530
444
493
466
471
500
448
456
412
388
412
402
362
343
353
331
324
312
308
321
267
258
250
230
241
250
245
236
197
206
234
188
172
207
164
171
151
135
152
153
140
126
113
110
102
105
106
116
110
86
98
72
92
77
62
66
53
63
62
34
51
49
39
50
44
35
39
34
33
23
34
26
27
31
22
29
22
20
21
12
13
13
26
18
13
19
16
20
10
7
14
8
10
11
9
5
6
8
8
7
5
8
11
6
6
5
1
7
6
6
6
6
4
9
2
5
3
3
1
3
1
3
3
3
3
2
4
1
2
4
3
0
4
2
2
3
1
4
3
0
2
2
2
3
3
0
1
1
0
2
4
1
4
6
2
2
0
1
2
1
1
2
1
0
3
3
2
3
2
4
0
3
1
0
5
2
0
4
4
0
1
2
2
1
0
1
0
1
1
0
2
3
1
0
0
1
0
1
1
2
0
1
0
1
0
0
1
1
1
3
2
0
1
1
0
0
2
1
1
0
0
1
0
3
3
1
0
1
2
0
1
1
1
2
0
0
0
0
0
0
0
0
0
