10000
402
0
0
0
0
0
0
0
0
0
0
0
0
0
0
0
0
0
0
0
0
0
0
0
0
0
0
0
0
0
0
0
0
0
0
0
0
0
0
0
0
0
0
0
0
0
0
0
0
0
0
0
0
0
0
0
0
0
0
0
0
1
0
0
0
2
1
5
14
18
31
40
40
41
22
16
9
2
0
0
0
0
0
0
1
0
3
4
26
53
89
180
276
353
374
361
223
150
73
31
19
10
2
4
6
9
22
44
93
170
233
365
405
378
268
158
95
40
14
12
7
11
27
49
112
195
373
486
504
483
316
200
110
50
30
30
36
89
178
324
449
729
813
800
616
404
228
106
87
63
101
291
510
992
1424
1690
1735
1376
960
559
263
113
59
25
18
2
4
0
1
0
0
0
0
1
0
0
0
0
0
0
0
0
0
1
0
0
0
0
0
0
0
0
0
0
0
0
0
0
0
0
0
0
0
0
0
0
0
0
0
0
0
0
0
0
0
0
0
0
0
0
0
0
0
0
0
0
0
0
0
0
0
0
0
0
0
0
0
0
0
0
0
0
0
0
0
0
0
0
0
0
0
0
0
0
0
0
0
0
0
0
0
0
0
0
0
0
0
0
0
0
0
0
0
0
0
0
0
0
0
0
0
0
0
0
0
0
0
0
0
0
0
0
0
0
0
0
0
0
0
0
0
0
0
0
0
0
0
0
0
0
0
0
0
0
0
0
0
0
0
0
0
0
0
0
0
0
0
0
0
0
0
0
0
0
0
0
0
0
0
0
0
1
0
1
0
0
1
2
0
0
2
2
3
3
4
3
4
20
29
46
104
262
570
1277
2780
5416
8667
11948
13701
12040
9198
5542
3011
1425
647
231
124
42
32
14
8
8
6
3
2
2
0
0
0
1
0
0
1
1
0
0
0
0
0
0
0
0
0
